<?xml version="1.0" encoding="UTF-8"?>
<!-- Generated by org.testng.reporters.JUnitReportReporter -->
<testsuite hostname="LAPTOP-LCC2IKMS" failures="0" tests="2" name="Academy.E2E.HomePage1" time="19.905" errors="0" timestamp="2021-10-19T00:20:39 IST" skipped="0">
  <testcase classname="Academy.E2E.HomePage1" name="intilization" time="17.469"/>
  <system-out/>
  <testcase classname="Academy.E2E.HomePage1" name="intilization" time="2.436"/>
  <system-out/>
</testsuite> <!-- Academy.E2E.HomePage1 -->
