<?xml version="1.0" encoding="UTF-8"?>
<!-- Generated by org.testng.reporters.JUnitReportReporter -->
<testsuite hostname="LAPTOP-LCC2IKMS" failures="0" tests="1" name="Academy.E2E.validateNavTitle" time="0.048" errors="0" timestamp="2021-10-19T00:20:39 IST" skipped="0">
  <testcase classname="Academy.E2E.validateNavTitle" name="title" time="0.048"/>
  <system-out/>
</testsuite> <!-- Academy.E2E.validateNavTitle -->
