<?xml version="1.0" encoding="UTF-8"?>
<!-- Generated by org.testng.reporters.JUnitReportReporter -->
<testsuite hostname="LAPTOP-LCC2IKMS" failures="0" tests="1" name="Academy.E2E.ValidateNav" time="0.062" errors="0" timestamp="2021-10-19T00:20:39 IST" skipped="0">
  <testcase classname="Academy.E2E.ValidateNav" name="visiableNavBar" time="0.062"/>
  <system-out/>
</testsuite> <!-- Academy.E2E.ValidateNav -->
