<?xml version="1.0" encoding="UTF-8"?>
<!-- Generated by org.testng.reporters.JUnitReportReporter -->
<testsuite hostname="LAPTOP-LCC2IKMS" failures="0" tests="1" name="resources.ExtentReporterNG" time="5.220" errors="0" timestamp="2021-10-18T17:15:28 IST" skipped="0">
  <testcase classname="resources.ExtentReporterNG" name="intialReporter" time="5.220"/>
  <system-out/>
</testsuite> <!-- resources.ExtentReporterNG -->
