<?xml version="1.0" encoding="UTF-8"?>
<!-- Generated by org.testng.reporters.JUnitReportReporter -->
<testsuite hostname="LAPTOP-LCC2IKMS" failures="0" tests="2" name="Academy.E2E.HomePage1" time="14.813" errors="0" timestamp="2021-10-20T17:31:52 IST" skipped="0">
  <testcase classname="Academy.E2E.HomePage1" name="intilization" time="12.462"/>
  <system-out/>
  <testcase classname="Academy.E2E.HomePage1" name="intilization" time="2.351"/>
  <system-out/>
</testsuite> <!-- Academy.E2E.HomePage1 -->
